"../../../Engine/Content/EditorResources/S_Actor.uasset" 0
"../../../Engine/Content/EngineResources/AICON-Red.uasset" 1
"../../../Engine/Content/EngineResources/AICON-Green.uasset" 2
"../../../Engine/Content/EngineFonts/Roboto.uasset" 3
"../../../Engine/Content/Functions/Engine_MaterialFunctions01/Shading/PowerToRoughness.uasset" 4
"../../../Engine/Content/Functions/Engine_MaterialFunctions01/Shading/ConvertFromDiffSpec.uasset" 5
"../../../Engine/Content/EngineMaterials/DefaultDiffuse.uasset" 6
"../../../Engine/Content/EngineMaterials/DefaultDeferredDecalMaterial.uasset" 7
"../../../Engine/Content/EngineMaterials/DefaultLightFunctionMaterial.uasset" 8
"../../../Engine/Content/Functions/Engine_MaterialFunctions02/Utility/BreakOutFloat2Components.uasset" 9
"../../../Engine/Content/EngineMaterials/DefaultPostProcessMaterial.uasset" 10
"../../../Engine/Content/EngineResources/DefaultTexture.uasset" 11
"../../../Engine/Content/Functions/Engine_MaterialFunctions01/Texturing/ScaleUVsByCenter.uasset" 12
"../../../Engine/Content/Functions/Engine_MaterialFunctions02/ScreenResolution.uasset" 13
"../../../Engine/Content/Functions/Engine_MaterialFunctions02/Texturing/ScreenAlignedUVs.uasset" 14
"../../../Engine/Content/EngineResources/WhiteSquareTexture.uasset" 15
"../../../Engine/Content/EngineMaterials/Widget3DPassThrough.uasset" 16
"../../../Engine/Content/EngineMaterials/Widget3DPassThrough_Translucent.uasset" 17
"../../../Engine/Content/EngineMaterials/Widget3DPassThrough_Translucent_OneSided.uasset" 18
"../../../Engine/Content/EngineMaterials/Widget3DPassThrough_Opaque.uasset" 19
"../../../Engine/Content/EngineMaterials/Widget3DPassThrough_Opaque_OneSided.uasset" 20
"../../../Engine/Content/EngineMaterials/Widget3DPassThrough_Masked.uasset" 21
"../../../Engine/Content/EngineMaterials/Widget3DPassThrough_Masked_OneSided.uasset" 22
"../../../Engine/Content/Maps/Templates/Thumbnails/Default.uasset" 23
"../../../Engine/Content/Maps/Templates/Thumbnails/VR-Basic.uasset" 24
"../../../Engine/Content/EditorMaterials/ParticleSystems/PSysThumbnail_NoImage.uasset" 25
"../../../Engine/Content/EditorMaterials/ParticleSystems/PSysThumbnail_OOD.uasset" 26
"../../../Engine/Content/EditorLandscapeResources/DataLayer.uasset" 27
"../../../Engine/Content/EngineDamageTypes/DmgTypeBP_Environmental.uasset" 28
"../../../Engine/Content/EngineMeshes/Sphere.uasset" 29
"../../../Engine/Content/EngineFonts/RobotoDistanceField.uasset" 30
"../../../Engine/Content/EngineMaterials/DefaultTextMaterialOpaque.uasset" 31
"../../../Engine/Content/EditorResources/S_Trigger.uasset" 32
"../../../Engine/Content/EngineResources/GradientTexture0.uasset" 33
"../../../Engine/Content/EngineResources/Black.uasset" 34
"../../../Engine/Content/EditorMaterials/MatineeGroups/MAT_Groups_Float.uasset" 35
"../../../Engine/Content/EditorMaterials/MatineeGroups/MAT_Groups_Director.uasset" 36
"../../../Engine/Content/EditorMaterials/MatineeGroups/MAT_Groups_Event.uasset" 37
"../../../Engine/Content/EditorMaterials/MatineeGroups/MAT_Groups_Anim.uasset" 38
"../../../Engine/Content/EditorMaterials/MatineeGroups/MAT_Groups_Fade.uasset" 39
"../../../Engine/Content/EditorMaterials/MatineeGroups/MAT_Groups_Move.uasset" 40
"../../../Engine/Content/EditorMaterials/MatineeGroups/MAT_Groups_Slomo.uasset" 41
"../../../Engine/Content/EditorMaterials/MatineeGroups/MAT_ColorTrack.uasset" 42
"../../../Engine/Content/EditorMaterials/MAT_Groups_Toggle.uasset" 43
"../../../Engine/Content/EditorMaterials/MatineeGroups/MAT_Groups_AudioMaster.uasset" 44
"../../../Engine/Content/EditorMaterials/MatineeGroups/MAT_Groups_Sound.uasset" 45
"../../../Engine/Content/EditorMaterials/MatineeGroups/MAT_Groups_Vector.uasset" 46
"../../../Engine/Content/EditorMaterials/MAT_Groups_Visibility.uasset" 47
"../../../Engine/Content/EngineResources/DefaultTextureCube.uasset" 48
"../../../Engine/Content/Functions/Engine_MaterialFunctions01/Opacity/CameraDepthFade.uasset" 49
"../../../Engine/Content/EngineMaterials/T_Default_Material_Grid_M.uasset" 50
"../../../Engine/Content/EngineMaterials/T_Default_Material_Grid_N.uasset" 51
"../../../Engine/Content/EngineMaterials/DefaultMaterial.uasset" 52
"../../../Engine/Content/EngineMeshes/Cylinder.uasset" 53
"../../../Engine/Content/EngineTireTypes/DefaultTireType.uasset" 54
"../../../Engine/Content/EditorMaterials/Camera/CineMat.uasset" 55
"../../../Engine/Content/EditorMaterials/Camera/MI_CineMat_Rig.uasset" 56
"../../../Engine/Content/EditorMeshes/Camera/SM_CraneRig_Base.uasset" 57
"../../../Engine/Content/EditorMeshes/Camera/SM_CraneRig_Arm.uasset" 58
"../../../Engine/Content/EditorMeshes/Camera/SM_CraneRig_Mount.uasset" 59
"../../../Engine/Content/EditorMeshes/Camera/SM_CraneRig_Body.uasset" 60
"../../../Engine/Content/EditorMeshes/Camera/SM_RailRig_Track.uasset" 61
"../../../Engine/Content/EditorMeshes/Camera/SM_RailRig_Mount.uasset" 62
"../../../Engine/Content/VREditor/LaserPointer/VR_LaserPower_01.uasset" 63
"../../../Engine/Content/VREditor/TransformGizmo/TransformGizmoMaterial.uasset" 64
"../../../Engine/Content/VREditor/TransformGizmo/TranslucentTransformGizmoMaterial.uasset" 65
"../../../Engine/Content/VREditor/TransformGizmo/TranslationHandle.uasset" 66
"../../../Engine/Content/VREditor/TransformGizmo/PlaneTranslationHandle.uasset" 67
"../../../Engine/Content/VREditor/TransformGizmo/RotationHandle.uasset" 68
"../../../Engine/Content/VREditor/TransformGizmo/StretchingHandle.uasset" 69
"../../../Engine/Content/VREditor/TransformGizmo/BoundingBoxCorner.uasset" 70
"../../../Engine/Content/VREditor/TransformGizmo/BoundingBoxEdge.uasset" 71
"../../../Engine/Content/VREditor/TransformGizmo/UniformScaleHandle.uasset" 72
"../../../Engine/Content/VREditor/FloatingText/LineMaterial.uasset" 73
"../../../Engine/Content/VREditor/FloatingText/LineSegmentCylinder.uasset" 74
"../../../Engine/Content/VREditor/FloatingText/JointSphere.uasset" 75
"../../../Engine/Content/VREditor/Fonts/VRText_RobotoLarge.uasset" 76
"../../../Engine/Content/VREditor/Fonts/VRTextMaterial.uasset" 77
"../../../Engine/Content/VREditor/Fonts/TranslucentVRTextMaterial.uasset" 78
"../../../Engine/Content/VREditor/UI/SelectionBarMesh.uasset" 79
"../../../Engine/Content/VREditor/UI/CloseButtonMesh.uasset" 80
"../../../Engine/Content/Tutorial/Basics/TutorialAssets/icon_tab_Levels_40x.uasset" 81
"../../../Engine/Content/Tutorial/ContentIntroCurve.uasset" 82
"../../../Engine/Plugins/2D/Paper2D/Content/PlaceholderTextures/DummySpriteTexture.uasset" 83
"../../../Engine/Plugins/2D/Paper2D/Content/DefaultSpriteMaterial.uasset" 84
"../../../Engine/Plugins/2D/Paper2D/Content/MaskedUnlitSpriteMaterial.uasset" 85
"../../../Engine/Plugins/2D/Paper2D/Content/OpaqueUnlitSpriteMaterial.uasset" 86
"../../../Engine/Plugins/2D/Paper2D/Content/DummySprite.uasset" 87
"../../../Engine/Plugins/2D/Paper2D/Content/DefaultPaperTerrainMaterial.uasset" 88
"../../../Engine/Content/EngineMaterials/RemoveSurfaceMaterial.uasset" 89
"../../../Engine/Content/EngineDebugMaterials/DebugMeshMaterial.uasset" 90
"../../../Engine/Content/EngineMaterials/InvalidLightmapSettings.uasset" 91
"../../../Engine/Content/EngineMaterials/M_InvalidLightmapSettings.uasset" 92
"../../../Engine/Content/EditorMaterials/GizmoMaterial.uasset" 93
"../../../Engine/Content/EngineMaterials/Good64x64TilingNoiseHighFreq.uasset" 94
"../../../Engine/Content/EngineMaterials/DefaultBokeh.uasset" 95
"../../../Engine/Content/EngineMaterials/PreintegratedSkinBRDF.uasset" 96
"../../../Engine/Content/EngineMaterials/MiniFont.uasset" 97
"../../../Engine/Content/EngineMaterials/WeightMapPlaceholderTexture.uasset" 98
"../../../Engine/Content/EngineMaterials/DefaultWhiteGrid.uasset" 99
"../../../Engine/Content/EngineFonts/RobotoTiny.uasset" 100
"../../../Engine/Content/EditorSounds/Notifications/CompileSuccess.uasset" 101
"../../../Engine/Content/EditorSounds/Notifications/CompileStart_Cue.uasset" 102
"../../../Engine/Content/EditorSounds/Notifications/CompileSuccess_Cue.uasset" 103
"../../../Engine/Content/EditorSounds/Notifications/CompileFailed.uasset" 104
"../../../Engine/Content/EditorSounds/Notifications/CompileFailed_Cue.uasset" 105
"../../../MyProject5/Content/Layers/RockyGrass/Texures/Tut_RockyGrass_NM.uasset" 106
"../../../MyProject5/Content/Textures/groundNormal.uasset" 107
"../../../Engine/Content/MobileResources/HUD/MobileHUDDirectionStick.uasset" 108
"../../../MyProject5/Content/Layers/Pebbles/Textures/Tut_Pebbles_AO.uasset" 109
"../../../Engine/Content/MobileResources/HUD/MobileHUDDirectionPad2.uasset" 110
"../../../MyProject5/Content/Layers/Cliff/Textures/Cliff_D_TEST.uasset" 111
"../../../MyProject5/Content/Layers/Dirt/Textures/Tut_Dirt_NM.uasset" 112
"../../../MyProject5/Content/StarterContent/Materials/M_Basic_Wall.uasset" 113
"../../../MyProject5/Content/StarterContent/Shapes/Shape_Plane.uasset" 114
"../../../MyProject5/Content/StarterContent/Shapes/Shape_Torus.uasset" 115
"../../../MyProject5/Content/StarterContent/Shapes/Shape_Trim.uasset" 116
"../../../MyProject5/Content/StarterContent/Shapes/Shape_Trim_90_In.uasset" 117
"../../../Engine/Content/MobileResources/HUD/AnalogHat.uasset" 118
"../../../Engine/Content/MobileResources/HUD/VirtualJoystick_Background.uasset" 119
"../../../Engine/Content/MobileResources/HUD/VirtualJoystick_Thumb.uasset" 120
"../../../Engine/Content/MobileResources/HUD/DefaultVirtualJoysticks.uasset" 121
"../../../Engine/Content/MobileResources/HUD/T_Castle_ThumbstickInner.uasset" 122
"../../../MyProject5/Content/StarterContent/Shapes/Shape_Cone.uasset" 123
"../../../MyProject5/Content/StarterContent/Shapes/Shape_Cylinder.uasset" 124
"../../../MyProject5/Content/StarterContent/Shapes/Shape_NarrowCapsule.uasset" 125
"../../../MyProject5/Content/StarterContent/Shapes/Shape_Pipe.uasset" 126
"../../../MyProject5/Content/StarterContent/Shapes/Shape_Pipe_180.uasset" 127
"../../../MyProject5/Content/StarterContent/Shapes/Shape_Pipe_90.uasset" 128
"../../../MyProject5/Content/Layers/Cliff/Textures/Tut_Cliff_D_.uasset" 129
"../../../MyProject5/Content/Layers/Cliff/Textures/Tut_Cliff_AO.uasset" 130
"../../../MyProject5/Content/Layers/Cliff/Textures/Tut_Cliff_NM.uasset" 131
"../../../Engine/Content/Functions/Engine_MaterialFunctions01/Gradient/LinearGradient.uasset" 132
"../../../Engine/Content/Functions/Engine_MaterialFunctions01/ImageAdjustment/CheapContrast.uasset" 133
"../../../Engine/Content/Functions/Engine_MaterialFunctions02/Math/CreateThirdOrthogonalVector.uasset" 134
"../../../Engine/Content/Functions/Engine_MaterialFunctions02/Utility/BreakOutFloat3Components.uasset" 135
"../../../Engine/Content/Functions/Engine_MaterialFunctions02/Math/Transform3x3Matrix.uasset" 136
"../../../Engine/Content/Functions/Engine_MaterialFunctions02/Utility/MakeFloat3.uasset" 137
"../../../Engine/Content/Functions/Engine_MaterialFunctions02/ExampleContent/Textures/SphereRenderNormalsMap.uasset" 138
"../../../Engine/Content/Functions/Engine_MaterialFunctions02/WorldAlignedNormals_HighQuality.uasset" 139
"../../../Engine/Content/EngineMaterials/DefaultNormal_Uncompressed.uasset" 140
"../../../Engine/Content/Functions/Engine_MaterialFunctions01/Texturing/WorldAlignedNormal.uasset" 141
"../../../Engine/Content/Functions/Engine_MaterialFunctions01/Texturing/WorldAlignedTexture.uasset" 142
"../../../MyProject5/Content/Layers/Dirt/MaterialFunction/F_Dirt_Layer.uasset" 143
"../../../MyProject5/Content/Layers/SandBed/Textures/Tut_SandBed_D.uasset" 144
"../../../MyProject5/Content/Layers/SandBed/Textures/Tut_SandBed_NM.uasset" 145
"../../../MyProject5/Content/StarterContent/Audio/Explosion_Cue.uasset" 146
"../../../MyProject5/Content/StarterContent/Textures/T_Burst_M.uasset" 147
"../../../MyProject5/Content/StarterContent/Particles/Materials/M_Burst.uasset" 148
"../../../MyProject5/Content/StarterContent/Textures/T_Explosion_SubUV.uasset" 149
"../../../MyProject5/Content/StarterContent/Particles/Materials/M_explosion_subUV.uasset" 150
"../../../MyProject5/Content/StarterContent/Particles/Materials/m_flare_01.uasset" 151
"../../../Engine/Content/Functions/Engine_MaterialFunctions01/Gradient/RadialGradient.uasset" 152
"../../../MyProject5/Content/StarterContent/Particles/Materials/M_radial_ramp.uasset" 153
"../../../MyProject5/Content/StarterContent/Textures/T_Smoke_SubUV.uasset" 154
"../../../MyProject5/Content/StarterContent/Textures/T_Smoke_Tiled_D.uasset" 155
"../../../MyProject5/Content/StarterContent/Particles/Materials/M_smoke_subUV.uasset" 156
"../../../MyProject5/Content/StarterContent/Particles/P_Explosion.uasset" 157
"../../../MyProject5/Content/StarterContent/Blueprints/Blueprint_Effect_Explosion.uasset" 158
"../../../MyProject5/Content/Textures/art.uasset" 159
"../../../MyProject5/Content/Material/art_Mat.uasset" 160
"../../../MyProject5/Content/Sprites/CrossHair.uasset" 161
"../../../MyProject5/Content/StarterContent/Audio/Light02_Cue.uasset" 162
"../../../Engine/Plugins/2D/Paper2D/Content/TranslucentUnlitSpriteMaterial.uasset" 163
"../../../MyProject5/Content/Sprites/KannyWalk.uasset" 164
"../../../MyProject5/Content/Sprites/KannyWalk_Sprite_3.uasset" 165
"../../../Engine/Content/EditorMeshes/ColorCalibrator/T_ColorGrid.uasset" 166
"../../../MyProject5/Content/StarterContent/Materials/M_ColorGrid_LowSpec.uasset" 167
"../../../MyProject5/Content/Layers/RockyGrass/Texures/Tut_RockyGrass_D.uasset" 168
"../../../MyProject5/Content/Layers/RockyGrass/Texures/Tut_RockyGrass_AO.uasset" 169
"../../../MyProject5/Content/StarterContent/Shapes/Shape_Wedge_A.uasset" 170
"../../../MyProject5/Content/StarterContent/Shapes/Shape_Tube.uasset" 171
"../../../MyProject5/Content/StarterContent/Shapes/Shape_TriPyramid.uasset" 172
"../../../MyProject5/Content/StarterContent/Shapes/Shape_Trim_90_Out.uasset" 173
"../../../MyProject5/Content/Layers/Pebbles/Textures/Tut_Pebbles_NM.uasset" 174
"../../../Engine/Content/MobileResources/HUD/MobileHUDButton1_on.uasset" 175
"../../../MyProject5/Content/Layers/Pebbles/Textures/Tut_Pebbles_D.uasset" 176
"../../../Engine/Content/EditorResources/EmptyActor.uasset" 177
"../../../Engine/Content/EditorResources/AudioIcons/S_AudioComponent_AutoActivate.uasset" 178
"../../../MyProject5/Content/Textures/GroundDisplacement.uasset" 179
"../../../MyProject5/Content/Layers/Grass/Textures/Tut_Grass_NM.uasset" 180
"../../../Engine/Content/MobileResources/HUD/MobileHUDButton1_off.uasset" 181
"../../../MyProject5/Content/Layers/Dirt/Textures/Tut_Dirt_AO.uasset" 182
"../../../MyProject5/Content/Layers/Dirt/Textures/Tut_Dirt_D.uasset" 183
"../../../Engine/Content/MobileResources/HUD/MobileHUDDirectionPad3.uasset" 184
"../../../Engine/Content/MobileResources/HUD/MobileHUDButton2_on.uasset" 185
"../../../MyProject5/Content/Layers/Grass/Textures/Tut_Grass_D.uasset" 186
"../../../Engine/Content/EditorResources/LightIcons/S_LightError.uasset" 187
"../../../Engine/Content/MobileResources/HUD/LeftVirtualJoystickOnly.uasset" 188
"../../../Engine/Content/MobileResources/T_MobileMenu2.uasset" 189
"../../../Engine/Content/MobileResources/HUD/MobileHUDDirectionPad.uasset" 190
"../../../Engine/Content/Functions/Engine_MaterialFunctions01/Texturing/SlopeMask.uasset" 191
"../../../Engine/Content/Functions/MaterialLayerFunctions/MatLayerBlend_Standard.uasset" 192
"../../../MyProject5/Content/Layers/Materials/M_Landscape1.uasset" 193
"../../../MyProject5/Content/Layers/Materials/MI_Landscape1.uasset" 194
"../../../MyProject5/Content/Layers/Grass2/Textures/Grass2_NM.uasset" 195
"../../../Engine/Content/MobileResources/HUD/MobileHUDButton2_off.uasset" 196
"../../../MyProject5/Content/Layers/Cliff/MaterialFunction/F_Cliff_Layer.uasset" 197
"../../../MyProject5/Content/Layers/Cliff/Cliff_D_.uasset" 198
"../../../MyProject5/Content/StarterContent/Shapes/Shape_Wedge_B.uasset" 199
"../../../MyProject5/Content/Layers/Grass2/Textures/Grass2_D.uasset" 200
"../../../MyProject5/Content/Textures/ar2t.uasset" 201
"../../../Engine/Content/MobileResources/HUD/MobileHUDButton3.uasset" 202
"../../../Engine/Content/MobileResources/HUD/MobileHUDButtonFire.uasset" 203
"../../../MyProject5/Content/Textures/ground.uasset" 204
"../../../MyProject5/Content/StarterContent/Shapes/Shape_WideCapsule.uasset" 205
"../../../MyProject5/Content/StarterContent/Textures/T_Perlin_Noise_M.uasset" 206
"../../../MyProject5/Content/Layers/Grass2/MaterialFunction/F_Grass2_Test.uasset" 207
"../../../MyProject5/Content/Layers/Grass2/MaterialFunction/F_Grass2_Layer.uasset" 208
"../../../MyProject5/Content/Layers/Grass/Textures/Tut_Grass_AO.uasset" 209
"../../../MyProject5/Content/Layers/Grass/MaterialFunction/F_Grass_Layer.uasset" 210
"../../../Engine/Content/MobileResources/T_MobileControls_texture.uasset" 211
"../../../Engine/Content/BasicShapes/Cone.uasset" 212
"../../../Engine/Content/BasicShapes/Cylinder.uasset" 213
"../../../Engine/Content/BasicShapes/Sphere.uasset" 214
"../../../Engine/Content/EditorMaterials/PhAT_JointLimitMaterial.uasset" 215
"../../../Engine/Content/EditorMaterials/PreviewShadowIndicator.uasset" 216
"../../../Engine/Content/EditorMaterials/PreviewShadowIndicatorMaterial.uasset" 217
"../../../Engine/Content/EditorResources/BSPVertex.uasset" 218
"../../../Engine/Content/EditorResources/AudioIcons/S_AudioComponent.uasset" 219
"../../../Engine/Content/EngineDebugMaterials/HeatmapGradient.uasset" 220
"../../../Engine/Content/EngineDebugMaterials/BoneWeightMaterial.uasset" 221
"../../../Engine/Content/EngineDebugMaterials/GeomMaterial.uasset" 222
"../../../Engine/Content/EngineMaterials/EditorBrushMaterial.uasset" 223
"../../../Engine/Content/EngineMeshes/Cube.uasset" 224
"../../../Engine/Content/MobileResources/HUD/T_Castle_ThumbstickOutter.uasset" 225
"../../../Engine/Content/Tutorial/BlueprintTutorials/TutorialAssets/BlueprintInterface_64x.uasset" 226
"../../../Engine/Content/Tutorial/BlueprintTutorials/TutorialAssets/BlueprintMacroLibrary_64x.uasset" 227
"../../../Engine/Content/Tutorial/BlueprintTutorials/TutorialAssets/Blueprint_64x.uasset" 228
"../../../Engine/Content/Tutorial/BlueprintTutorials/TutorialAssets/Tutorial_BP_Interface.uasset" 229
"../../../Engine/Content/Tutorial/Foliage/TutorialAssets/Foliage.uasset" 230
"../../../Engine/Content/Tutorial/Landscape/TutorialAssets/Landscape.uasset" 231
"../../../Engine/Content/Tutorial/Paper2D/TutorialAssets/Paper2DFlipbook_TutorialIcon.uasset" 232
"../../../Engine/Content/Tutorial/Paper2D/TutorialAssets/Paper2DSprite_TutorialIcon.uasset" 233
"../../../Engine/Content/Tutorial/SubEditors/TutorialAssets/icon_Editor_Preferences_General_40x.uasset" 234
"../../../Engine/Content/Tutorial/SubEditors/TutorialAssets/icon_ShowSkeletalMeshes_40x.uasset" 235
"../../../Engine/Content/Tutorial/SubEditors/TutorialAssets/TutorialMaterial.uasset" 236
"../../../Engine/Content/Tutorial/SubEditors/TutorialAssets/T_SmokeSubUV_8X8.uasset" 237
"../../../Engine/Content/Tutorial/SubEditors/TutorialAssets/T_soft_smoke.uasset" 238
"../../../Engine/Content/Tutorial/SubEditors/TutorialAssets/M_smoke_subUV_blackbody.uasset" 239
"../../../Engine/Content/Tutorial/SubEditors/TutorialAssets/TutorialParticleSystem.uasset" 240
"../../../Engine/Content/EngineMaterials/WorldGridMaterial.uasset" 241
"../../../Engine/Content/EditorMeshes/EditorCube.uasset" 242
"../../../Engine/Content/Tutorial/SubEditors/TutorialAssets/Tutorial_DM.uasset" 243
"../../../MyProject5/Content/StarterContent/Architecture/Pillar_50x500.uasset" 244
"../../../MyProject5/Content/StarterContent/Architecture/Wall_400x300.uasset" 245
"../../../MyProject5/Content/StarterContent/Architecture/Wall_400x400.uasset" 246
"../../../MyProject5/Content/StarterContent/Architecture/Wall_500x500.uasset" 247
"../../../MyProject5/Content/StarterContent/Architecture/Wall_Door_400x400.uasset" 248
"../../../MyProject5/Content/StarterContent/Architecture/Wall_Window_400x400.uasset" 249
"../../../MyProject5/Content/StarterContent/Audio/Light01_Cue.uasset" 250
"../../../MyProject5/Content/StarterContent/Textures/T_Bush_D.uasset" 251
"../../../MyProject5/Content/StarterContent/Textures/T_Bush_N.uasset" 252
"../../../MyProject5/Content/StarterContent/Props/Materials/M_Bush.uasset" 253
"../../../MyProject5/Content/StarterContent/Props/SM_Bush.uasset" 254
"../../../MyProject5/Content/StarterContent/Textures/T_Chair_M.uasset" 255
"../../../MyProject5/Content/StarterContent/Textures/T_Chair_N.uasset" 256
"../../../MyProject5/Content/StarterContent/Props/Materials/M_Chair.uasset" 257
"../../../MyProject5/Content/StarterContent/Props/SM_Couch.uasset" 258
"../../../MyProject5/Content/StarterContent/Materials/M_Glass.uasset" 259
"../../../MyProject5/Content/StarterContent/Textures/T_Door_M.uasset" 260
"../../../MyProject5/Content/StarterContent/Textures/T_Door_N.uasset" 261
"../../../MyProject5/Content/StarterContent/Props/Materials/M_Door.uasset" 262
"../../../MyProject5/Content/StarterContent/Props/SM_Door.uasset" 263
"../../../MyProject5/Content/StarterContent/Props/Materials/M_MaterialSphere.uasset" 264
"../../../MyProject5/Content/StarterContent/Props/Materials/M_MaterialSphere_Plain.uasset" 265
"../../../MyProject5/Content/StarterContent/Props/SM_MatPreviewMesh_02.uasset" 266
"../../../Engine/Content/Functions/Engine_MaterialFunctions02/Utility/BlendAngleCorrectedNormals.uasset" 267
"../../../MyProject5/Content/StarterContent/Textures/T_Detail_Rocky_N.uasset" 268
"../../../MyProject5/Content/StarterContent/Textures/T_Rock_Basalt_D.uasset" 269
"../../../MyProject5/Content/StarterContent/Textures/T_RockMesh_M.uasset" 270
"../../../MyProject5/Content/StarterContent/Textures/T_RockMesh_N.uasset" 271
"../../../MyProject5/Content/StarterContent/Props/Materials/M_Rock.uasset" 272
"../../../MyProject5/Content/StarterContent/Props/SM_Rock.uasset" 273
"../../../MyProject5/Content/StarterContent/Textures/T_Shelf_M.uasset" 274
"../../../MyProject5/Content/StarterContent/Textures/T_Shelf_N.uasset" 275
"../../../MyProject5/Content/StarterContent/Props/Materials/M_Shelf.uasset" 276
"../../../MyProject5/Content/StarterContent/Props/SM_Shelf.uasset" 277
"../../../MyProject5/Content/StarterContent/Materials/M_Basic_Floor.uasset" 278
"../../../MyProject5/Content/StarterContent/Props/SM_Stairs.uasset" 279
"../../../Engine/Content/EditorBlueprintResources/StandardMacros.uasset" 280
"../../../Engine/Content/EngineSky/C_Sky_Cloud_Color.uasset" 281
"../../../Engine/Content/EngineSky/C_Sky_Horizon_Color.uasset" 282
"../../../Engine/Content/EngineSky/C_Sky_Zenith_Color.uasset" 283
"../../../Engine/Content/EngineSky/T_Sky_Blue.uasset" 284
"../../../Engine/Content/EngineSky/T_Sky_Clouds_M.uasset" 285
"../../../Engine/Content/EngineSky/T_Sky_Stars.uasset" 286
"../../../Engine/Content/EngineSky/M_Sky_Panning_Clouds2.uasset" 287
"../../../Engine/Content/EngineSky/SM_SkySphere.uasset" 288
"../../../Engine/Content/EngineSky/BP_Sky_Sphere.uasset" 289
"../../../MyProject5/Content/StarterContent/Textures/T_MacroVariation.uasset" 290
"../../../MyProject5/Content/StarterContent/Materials/M_Metal_Brushed_Nickel.uasset" 291
"../../../MyProject5/Content/StarterContent/Textures/T_Metal_Aluminum_D.uasset" 292
"../../../MyProject5/Content/StarterContent/Textures/T_Metal_Gold_N.uasset" 293
"../../../MyProject5/Content/StarterContent/Materials/M_Metal_Burnished_Steel.uasset" 294
"../../../MyProject5/Content/StarterContent/Textures/T_Metal_Copper_D.uasset" 295
"../../../MyProject5/Content/StarterContent/Materials/M_Metal_Copper.uasset" 296
"../../../MyProject5/Content/StarterContent/Textures/T_Statue_M.uasset" 297
"../../../MyProject5/Content/StarterContent/Textures/T_Statue_N.uasset" 298
"../../../MyProject5/Content/StarterContent/Props/Materials/M_StatueGlass.uasset" 299
"../../../MyProject5/Content/StarterContent/Architecture/Floor_400x400.uasset" 300
"../../../MyProject5/Content/StarterContent/Audio/Starter_Background_Cue.uasset" 301
"../../../MyProject5/Content/StarterContent/Props/SM_Chair.uasset" 302
"../../../MyProject5/Content/StarterContent/Props/Materials/M_Statue.uasset" 303
"../../../MyProject5/Content/StarterContent/Props/SM_Statue.uasset" 304
"../../../MyProject5/Content/StarterContent/Textures/T_TableRound_M.uasset" 305
"../../../MyProject5/Content/StarterContent/Textures/T_TableRound_N.uasset" 306
"../../../MyProject5/Content/StarterContent/Props/Materials/M_TableRound.uasset" 307
"../../../MyProject5/Content/StarterContent/Props/SM_TableRound.uasset" 308
"../../../MyProject5/Content/StarterContent/Maps/Minimal_Default.umap" 309
"../../../MyProject5/Content/BluePrint/Interface/BulletInterface.uasset" 310
"../../../Engine/Content/BasicShapes/BasicShapeMaterial.uasset" 311
"../../../Engine/Content/BasicShapes/Cube.uasset" 312
"../../../MyProject5/Content/BluePrint/Weapon/Bullet.uasset" 313
"../../../MyProject5/Content/BluePrint/HUD/HealthBar.uasset" 314
"../../../MyProject5/Content/Sprites/KennySprite.uasset" 315
"../../../MyProject5/Content/FlipBooks/Kenny.uasset" 316
"../../../MyProject5/Content/Sprites/KannyWalk_Sprite_0.uasset" 317
"../../../MyProject5/Content/Sprites/KannyWalk_Sprite_1.uasset" 318
"../../../MyProject5/Content/Sprites/KannyWalk_Sprite_2.uasset" 319
"../../../MyProject5/Content/Sprites/KannyWalk_Sprite_4.uasset" 320
"../../../MyProject5/Content/Sprites/KannyWalk_Sprite_5.uasset" 321
"../../../MyProject5/Content/Sprites/KannyWalk_Sprite_6.uasset" 322
"../../../MyProject5/Content/Sprites/KannyWalk_Sprite_7.uasset" 323
"../../../MyProject5/Content/Sprites/KannyWalk_Sprite_8.uasset" 324
"../../../MyProject5/Content/FlipBooks/kennyWalk.uasset" 325
"../../../MyProject5/Content/BluePrint/Character/KennyCharacter.uasset" 326
"../../../MyProject5/Content/BluePrint/Character/AIController/StenAI.uasset" 327
"../../../MyProject5/Content/Textures/KennyTexture.uasset" 328
"../../../MyProject5/Content/Sprites/CailSprite.uasset" 329
"../../../MyProject5/Content/FlipBooks/Cail.uasset" 330
"../../../MyProject5/Content/Textures/cartman.uasset" 331
"../../../MyProject5/Content/Sprites/Cartman.uasset" 332
"../../../MyProject5/Content/FlipBooks/Cartman.uasset" 333
"../../../MyProject5/Content/Sprites/StenSprite.uasset" 334
"../../../MyProject5/Content/FlipBooks/Sten.uasset" 335
"../../../MyProject5/Content/BluePrint/Character/StenCharacter.uasset" 336
"../../../MyProject5/Content/BluePrint/Actor/WinArea.uasset" 337
"../../../MyProject5/Content/BluePrint/HUD/kennyHUD.uasset" 338
"../../../MyProject5/Content/GameMode/PaperGameMode.uasset" 339
"../../../MyProject5/Content/Textures/groundMain.uasset" 340
"../../../MyProject5/Content/Textures/GroundNormal2.uasset" 341
"../../../MyProject5/Content/Textures/GroundOcclusion.uasset" 342
"../../../MyProject5/Content/Textures/GroundSpecular.uasset" 343
"../../../MyProject5/Content/Material/groundM.uasset" 344
"../../../MyProject5/Content/StarterContent/Textures/T_ground_Moss_D.uasset" 345
"../../../MyProject5/Content/StarterContent/Textures/T_Ground_Moss_N.uasset" 346
"../../../MyProject5/Content/StarterContent/Materials/M_Ground_Moss.uasset" 347
"../../../Engine/Content/EngineMaterials/DefaultPhysicalMaterial.uasset" 348
"../../../MyProject5/Content/Textures/Home_1.uasset" 349
"../../../MyProject5/Content/Sprites/home_1.uasset" 350
"../../../MyProject5/Content/Textures/home_2.uasset" 351
"../../../MyProject5/Content/Sprites/home_2.uasset" 352
"../../../MyProject5/Content/Textures/home_3.uasset" 353
"../../../MyProject5/Content/Sprites/home_3.uasset" 354
"../../../MyProject5/Content/Maps/level01.umap" 355
"../../../MyProject5/Content/StarterContent/Blueprints/Assets/FogBrightnessLUT.uasset" 356
"../../../MyProject5/Content/StarterContent/Blueprints/Assets/SunlightColorLUT.uasset" 357
"../../../MyProject5/Content/StarterContent/Blueprints/Assets/M_LightStage_Arrows.uasset" 358
"../../../Engine/Content/MapTemplates/Sky/DaylightAmbientCubemap.uasset" 359
"../../../MyProject5/Content/StarterContent/Blueprints/Assets/M_LightStage_Skybox_Master.uasset" 360
"../../../MyProject5/Content/StarterContent/Blueprints/Assets/M_LightStage_Skybox_Black.uasset" 361
"../../../MyProject5/Content/StarterContent/Blueprints/Assets/M_LightStage_Skybox_HDRI.uasset" 362
"../../../Engine/Content/EditorMaterials/Thumbnails/SkySphereMaterial.uasset" 363
"../../../MyProject5/Content/StarterContent/Blueprints/Assets/Skybox.uasset" 364
"../../../MyProject5/Content/StarterContent/Blueprints/Assets/SM_Arrows.uasset" 365
"../../../MyProject5/Content/StarterContent/HDRI/HDRI_Epic_Courtyard_Daylight.uasset" 366
"../../../MyProject5/Content/StarterContent/Blueprints/BP_LightStudio.uasset" 367
"../../../MyProject5/Content/StarterContent/Materials/M_AssetPlatform.uasset" 368
"../../../Engine/Content/EditorMeshes/ColorCalibrator/M_ChromeBall.uasset" 369
"../../../Engine/Content/EditorMeshes/ColorCalibrator/M_ClearCoat.uasset" 370
"../../../Engine/Content/EditorMeshes/ColorCalibrator/M_ClearCoatBlack.uasset" 371
"../../../Engine/Content/EditorMeshes/ColorCalibrator/M_ColorGrid.uasset" 372
"../../../Engine/Content/EditorMeshes/ColorCalibrator/M_GreyBall.uasset" 373
"../../../Engine/Content/EditorMeshes/ColorCalibrator/SM_ColorCalibrator.uasset" 374
"../../../MyProject5/Content/StarterContent/Architecture/SM_AssetPlatform.uasset" 375
"../../../MyProject5/Content/StarterContent/Maps/Advanced_Lighting.umap" 376
"../../../MyProject5/Content/Sound/clickSound.uasset" 377
"../../../MyProject5/Content/Textures/BackgroundHD.uasset" 378
"../../../MyProject5/Content/BluePrint/HUD/MenuWidget.uasset" 379
"../../../MyProject5/Content/Maps/MainMenu.umap" 380
"../../../MyProject5/Content/StarterContent/Audio/Fire01_Cue.uasset" 381
"../../../Engine/Content/EngineMaterials/OrientParticle.uasset" 382
"../../../Engine/Content/EngineMaterials/DefaultParticle.uasset" 383
"../../../MyProject5/Content/StarterContent/Textures/T_Fire_SubUV.uasset" 384
"../../../MyProject5/Content/StarterContent/Textures/T_Fire_Tiled_D.uasset" 385
"../../../MyProject5/Content/StarterContent/Particles/Materials/M_Fire_SubUV.uasset" 386
"../../../MyProject5/Content/StarterContent/Textures/T_Water_N.uasset" 387
"../../../MyProject5/Content/StarterContent/Particles/Materials/M_Heat_Distortion.uasset" 388
"../../../MyProject5/Content/StarterContent/Particles/Materials/M_Radial_Gradient.uasset" 389
"../../../MyProject5/Content/StarterContent/Particles/P_Fire.uasset" 390
"../../../MyProject5/Content/StarterContent/Blueprints/Blueprint_Effect_Fire.uasset" 391
"../../../MyProject5/Content/StarterContent/Audio/Smoke01_Cue.uasset" 392
"../../../MyProject5/Content/StarterContent/Particles/P_Smoke.uasset" 393
"../../../MyProject5/Content/StarterContent/Blueprints/Blueprint_Effect_Smoke.uasset" 394
"../../../MyProject5/Content/StarterContent/Audio/Fire_Sparks01_Cue.uasset" 395
"../../../MyProject5/Content/StarterContent/Textures/T_Spark_Core.uasset" 396
"../../../MyProject5/Content/StarterContent/Particles/Materials/M_Spark.uasset" 397
"../../../MyProject5/Content/StarterContent/Particles/P_Sparks.uasset" 398
"../../../MyProject5/Content/StarterContent/Blueprints/Blueprint_Effect_Sparks.uasset" 399
"../../../MyProject5/Content/StarterContent/Audio/Steam01_Cue.uasset" 400
"../../../MyProject5/Content/StarterContent/Particles/P_Steam_Lit.uasset" 401
"../../../MyProject5/Content/StarterContent/Blueprints/Blueprint_Effect_Steam.uasset" 402
"../../../MyProject5/Content/StarterContent/Textures/T_Lamp_M.uasset" 403
"../../../MyProject5/Content/StarterContent/Textures/T_Lamp_N.uasset" 404
"../../../MyProject5/Content/StarterContent/Props/Materials/M_Lamp.uasset" 405
"../../../MyProject5/Content/StarterContent/Props/SM_Lamp_Ceiling.uasset" 406
"../../../MyProject5/Content/StarterContent/Blueprints/Blueprint_CeilingLight.uasset" 407
"../../../MyProject5/Content/StarterContent/Props/SM_Lamp_Wall.uasset" 408
"../../../MyProject5/Content/StarterContent/Blueprints/Blueprint_WallSconce.uasset" 409
"../../../Engine/Content/Functions/Engine_MaterialFunctions03/Procedurals/ComputeFilterWidth.uasset" 410
"../../../Engine/Content/EngineMaterials/AntiAliasedTextMaterialTranslucent.uasset" 411
"../../../MyProject5/Content/StarterContent/Textures/T_Brick_Clay_Beveled_D.uasset" 412
"../../../MyProject5/Content/StarterContent/Textures/T_Brick_Clay_Beveled_M.uasset" 413
"../../../MyProject5/Content/StarterContent/Textures/T_Brick_Clay_Beveled_N.uasset" 414
"../../../MyProject5/Content/StarterContent/Materials/M_Brick_Clay_Beveled.uasset" 415
"../../../MyProject5/Content/StarterContent/Textures/T_Brick_Clay_New_D.uasset" 416
"../../../MyProject5/Content/StarterContent/Textures/T_Brick_Clay_New_M.uasset" 417
"../../../MyProject5/Content/StarterContent/Textures/T_Brick_Clay_New_N.uasset" 418
"../../../MyProject5/Content/StarterContent/Materials/M_Brick_Clay_New.uasset" 419
"../../../MyProject5/Content/StarterContent/Textures/T_Brick_Clay_Old_D.uasset" 420
"../../../MyProject5/Content/StarterContent/Textures/T_Brick_Clay_Old_N.uasset" 421
"../../../MyProject5/Content/StarterContent/Materials/M_Brick_Clay_Old.uasset" 422
"../../../MyProject5/Content/StarterContent/Textures/T_Brick_Cut_Stone_D.uasset" 423
"../../../MyProject5/Content/StarterContent/Textures/T_Brick_Cut_Stone_N.uasset" 424
"../../../MyProject5/Content/StarterContent/Materials/M_Brick_Cut_Stone.uasset" 425
"../../../MyProject5/Content/StarterContent/Textures/T_Brick_Hewn_Stone_D.uasset" 426
"../../../MyProject5/Content/StarterContent/Textures/T_Brick_Hewn_Stone_M.uasset" 427
"../../../MyProject5/Content/StarterContent/Textures/T_Brick_Hewn_Stone_N.uasset" 428
"../../../MyProject5/Content/StarterContent/Materials/M_Brick_Hewn_Stone.uasset" 429
"../../../MyProject5/Content/StarterContent/Textures/T_Ceramic_Tile_M.uasset" 430
"../../../MyProject5/Content/StarterContent/Textures/T_Ceramic_Tile_N.uasset" 431
"../../../MyProject5/Content/StarterContent/Textures/T_Rock_Marble_Polished_D.uasset" 432
"../../../MyProject5/Content/StarterContent/Materials/M_Ceramic_Tile_Checker.uasset" 433
"../../../MyProject5/Content/StarterContent/Textures/T_CobbleStone_Pebble_D.uasset" 434
"../../../MyProject5/Content/StarterContent/Textures/T_CobbleStone_Pebble_M.uasset" 435
"../../../MyProject5/Content/StarterContent/Textures/T_CobbleStone_Pebble_N.uasset" 436
"../../../MyProject5/Content/StarterContent/Materials/M_CobbleStone_Pebble.uasset" 437
"../../../MyProject5/Content/StarterContent/Textures/T_CobbleStone_Rough_D.uasset" 438
"../../../MyProject5/Content/StarterContent/Textures/T_CobbleStone_Rough_N.uasset" 439
"../../../MyProject5/Content/StarterContent/Textures/T_Gradinet_01.uasset" 440
"../../../MyProject5/Content/StarterContent/Textures/T_Rock_Smooth_Granite_D.uasset" 441
"../../../MyProject5/Content/StarterContent/Materials/M_CobbleStone_Rough.uasset" 442
"../../../MyProject5/Content/StarterContent/Textures/T_CobbleStone_Smooth_D.uasset" 443
"../../../MyProject5/Content/StarterContent/Textures/T_CobbleStone_Smooth_M.uasset" 444
"../../../MyProject5/Content/StarterContent/Textures/T_CobbleStone_Smooth_N.uasset" 445
"../../../MyProject5/Content/StarterContent/Materials/M_CobbleStone_Smooth.uasset" 446
"../../../MyProject5/Content/StarterContent/Textures/T_Concrete_Grime_D.uasset" 447
"../../../MyProject5/Content/StarterContent/Textures/T_Metal_Rust_N.uasset" 448
"../../../MyProject5/Content/StarterContent/Materials/M_Concrete_Grime.uasset" 449
"../../../MyProject5/Content/StarterContent/Textures/T_Concrete_Panels_D.uasset" 450
"../../../MyProject5/Content/StarterContent/Textures/T_Concrete_Panels_N.uasset" 451
"../../../MyProject5/Content/StarterContent/Materials/M_Concrete_Panels.uasset" 452
"../../../MyProject5/Content/StarterContent/Textures/T_Concrete_Poured_D.uasset" 453
"../../../MyProject5/Content/StarterContent/Textures/T_Concrete_Poured_N.uasset" 454
"../../../MyProject5/Content/StarterContent/Materials/M_Concrete_Poured.uasset" 455
"../../../MyProject5/Content/StarterContent/Textures/T_Concrete_Tiles_D.uasset" 456
"../../../MyProject5/Content/StarterContent/Textures/T_Concrete_Tiles_M.uasset" 457
"../../../MyProject5/Content/StarterContent/Textures/T_Concrete_Tiles_N.uasset" 458
"../../../MyProject5/Content/StarterContent/Textures/T_Concrete_Tiles_Variation_M.uasset" 459
"../../../MyProject5/Content/StarterContent/Materials/M_Concrete_Tiles.uasset" 460
"../../../MyProject5/Content/StarterContent/Textures/T_Ground_Grass_D.uasset" 461
"../../../MyProject5/Content/StarterContent/Textures/T_Ground_Grass_N.uasset" 462
"../../../MyProject5/Content/StarterContent/Materials/M_Ground_Grass.uasset" 463
"../../../MyProject5/Content/StarterContent/Textures/T_Ground_Gravel_D.uasset" 464
"../../../MyProject5/Content/StarterContent/Textures/T_Ground_Gravel_N.uasset" 465
"../../../MyProject5/Content/StarterContent/Materials/M_Ground_Gravel.uasset" 466
"../../../MyProject5/Content/StarterContent/Materials/M_Metal_Chrome.uasset" 467
"../../../MyProject5/Content/StarterContent/Textures/T_Metal_Gold_D.uasset" 468
"../../../MyProject5/Content/StarterContent/Materials/M_Metal_Gold.uasset" 469
"../../../MyProject5/Content/StarterContent/Textures/T_Metal_Rust_D.uasset" 470
"../../../MyProject5/Content/StarterContent/Materials/M_Metal_Rust.uasset" 471
"../../../MyProject5/Content/StarterContent/Textures/T_Metal_Steel_D.uasset" 472
"../../../MyProject5/Content/StarterContent/Textures/T_Metal_Steel_N.uasset" 473
"../../../MyProject5/Content/StarterContent/Materials/M_Metal_Steel.uasset" 474
"../../../MyProject5/Content/StarterContent/Textures/T_Rock_Basalt_N.uasset" 475
"../../../MyProject5/Content/StarterContent/Materials/M_Rock_Basalt.uasset" 476
"../../../MyProject5/Content/StarterContent/Materials/M_Rock_Marble_Polished.uasset" 477
"../../../MyProject5/Content/StarterContent/Textures/T_Rock_Sandstone_D.uasset" 478
"../../../MyProject5/Content/StarterContent/Textures/T_Rock_Sandstone_N.uasset" 479
"../../../MyProject5/Content/StarterContent/Materials/M_Rock_Sandstone.uasset" 480
"../../../MyProject5/Content/StarterContent/Textures/T_Rock_Slate_D.uasset" 481
"../../../MyProject5/Content/StarterContent/Textures/T_Rock_Slate_N.uasset" 482
"../../../MyProject5/Content/StarterContent/Materials/M_Rock_Slate.uasset" 483
"../../../MyProject5/Content/StarterContent/Textures/T_Checker_Noise_M.uasset" 484
"../../../MyProject5/Content/StarterContent/Textures/T_Single_Tile_N.uasset" 485
"../../../MyProject5/Content/StarterContent/Textures/T_Tech_Dot_M.uasset" 486
"../../../MyProject5/Content/StarterContent/Textures/T_Tech_Dot_N.uasset" 487
"../../../MyProject5/Content/StarterContent/Materials/M_Tech_Checker_Dot.uasset" 488
"../../../MyProject5/Content/StarterContent/Textures/T_Tech_Hex_Tile_M.uasset" 489
"../../../MyProject5/Content/StarterContent/Textures/T_Tech_Hex_Tile_N.uasset" 490
"../../../MyProject5/Content/StarterContent/Materials/M_Tech_Hex_Tile.uasset" 491
"../../../MyProject5/Content/StarterContent/Materials/M_Tech_Hex_Tile_Pulse.uasset" 492
"../../../MyProject5/Content/StarterContent/Textures/T_Tech_Panel_M.uasset" 493
"../../../MyProject5/Content/StarterContent/Textures/T_Tech_Panel_N.uasset" 494
"../../../MyProject5/Content/StarterContent/Materials/M_Tech_Panel.uasset" 495
"../../../MyProject5/Content/StarterContent/Materials/M_Water_Lake.uasset" 496
"../../../MyProject5/Content/StarterContent/Textures/T_Water_M.uasset" 497
"../../../MyProject5/Content/StarterContent/Materials/M_Water_Ocean.uasset" 498
"../../../MyProject5/Content/StarterContent/Textures/T_Wood_Floor_Walnut_D.uasset" 499
"../../../MyProject5/Content/StarterContent/Textures/T_Wood_Floor_Walnut_M.uasset" 500
"../../../MyProject5/Content/StarterContent/Textures/T_Wood_Floor_Walnut_N.uasset" 501
"../../../MyProject5/Content/StarterContent/Materials/M_Wood_Floor_Walnut_Polished.uasset" 502
"../../../Engine/Content/Functions/Engine_MaterialFunctions01/Opacity/AlphaOffset.uasset" 503
"../../../MyProject5/Content/StarterContent/Materials/M_Wood_Floor_Walnut_Worn.uasset" 504
"../../../MyProject5/Content/StarterContent/Textures/T_Wood_Oak_D.uasset" 505
"../../../MyProject5/Content/StarterContent/Textures/T_Wood_Oak_N.uasset" 506
"../../../MyProject5/Content/StarterContent/Materials/M_Wood_Oak.uasset" 507
"../../../MyProject5/Content/StarterContent/Textures/T_Wood_Pine_D.uasset" 508
"../../../MyProject5/Content/StarterContent/Textures/T_Wood_Pine_N.uasset" 509
"../../../MyProject5/Content/StarterContent/Materials/M_Wood_Pine.uasset" 510
"../../../MyProject5/Content/StarterContent/Textures/T_Wood_Walnut_D.uasset" 511
"../../../MyProject5/Content/StarterContent/Textures/T_Wood_Walnut_N.uasset" 512
"../../../MyProject5/Content/StarterContent/Materials/M_Wood_Walnut.uasset" 513
"../../../MyProject5/Content/StarterContent/Architecture/Wall_400x200.uasset" 514
"../../../MyProject5/Content/StarterContent/Architecture/Wall_Door_400x300.uasset" 515
"../../../MyProject5/Content/StarterContent/Architecture/Wall_Window_400x300.uasset" 516
"../../../MyProject5/Content/StarterContent/Audio/Collapse_Cue.uasset" 517
"../../../MyProject5/Content/StarterContent/Audio/Starter_Music_Cue.uasset" 518
"../../../MyProject5/Content/StarterContent/Textures/T_Dust_Particle_D.uasset" 519
"../../../MyProject5/Content/StarterContent/Particles/Materials/M_Dust_Particle.uasset" 520
"../../../MyProject5/Content/StarterContent/Particles/P_Ambient_Dust.uasset" 521
"../../../MyProject5/Content/StarterContent/Props/MaterialSphere.uasset" 522
"../../../MyProject5/Content/StarterContent/Textures/T_Frame_M.uasset" 523
"../../../MyProject5/Content/StarterContent/Textures/T_Frame_N.uasset" 524
"../../../MyProject5/Content/StarterContent/Props/Materials/M_Frame.uasset" 525
"../../../MyProject5/Content/StarterContent/Props/SM_CornerFrame.uasset" 526
"../../../MyProject5/Content/StarterContent/Props/SM_DoorFrame.uasset" 527
"../../../MyProject5/Content/StarterContent/Props/SM_GlassWindow.uasset" 528
"../../../MyProject5/Content/StarterContent/Props/SM_PillarFrame.uasset" 529
"../../../MyProject5/Content/StarterContent/Props/SM_PillarFrame300.uasset" 530
"../../../MyProject5/Content/StarterContent/Props/SM_WindowFrame.uasset" 531
"../../../MyProject5/Content/StarterContent/Shapes/Shape_Cube.uasset" 532
"../../../MyProject5/Content/StarterContent/Shapes/Shape_QuadPyramid.uasset" 533
"../../../MyProject5/Content/StarterContent/Shapes/Shape_Sphere.uasset" 534
"../../../MyProject5/Content/StarterContent/Maps/StarterMap.umap" 535
"../../../Engine/Content/EngineMaterials/DefaultNormal.uasset" 536
"../../../Engine/Content/Maps/Entry.umap" 537
